# JRE version: OpenJDK Runtime Environment (11.0.11+9) (build 11.0.11+9-b60-7590822)
# Java VM: OpenJDK 64-Bit Server VM (11.0.11+9-b60-7590822, mixed mode, tiered, compressed oops, g1 gc, windows-amd64)
Heap:
 garbage-first heap   total 223232K, used 159668K [0x00000000a0000000, 0x0000000100000000)
  region size 1024K, 47 young (48128K), 1 survivors (1024K)
 Metaspace       used 103622K, capacity 106323K, committed 106404K, reserved 1140736K
  class space    used 13360K, capacity 14385K, committed 14464K, reserved 1048576K
GC Heap History (20 events):
Event: 350.933 GC heap before
{Heap before GC invocations=74 (full 0):
 garbage-first heap   total 135168K, used 119127K [0x00000000a0000000, 0x0000000100000000)
  region size 1024K, 6 young (6144K), 1 survivors (1024K)
 Metaspace       used 97951K, capacity 100270K, committed 100516K, reserved 1136640K
  class space    used 12466K, capacity 13319K, committed 13440K, reserved 1048576K
}
Event: 350.934 GC heap after
{Heap after GC invocations=75 (full 0):
 garbage-first heap   total 135168K, used 114042K [0x00000000a0000000, 0x0000000100000000)
  region size 1024K, 1 young (1024K), 1 survivors (1024K)
 Metaspace       used 97951K, capacity 100270K, committed 100516K, reserved 1136640K
  class space    used 12466K, capacity 13319K, committed 13440K, reserved 1048576K
}
Event: 350.953 GC heap before
{Heap before GC invocations=75 (full 0):
 garbage-first heap   total 135168K, used 119162K [0x00000000a0000000, 0x0000000100000000)
  region size 1024K, 6 young (6144K), 1 survivors (1024K)
 Metaspace       used 97957K, capacity 100276K, committed 100516K, reserved 1136640K
  class space    used 12467K, capacity 13321K, committed 13440K, reserved 1048576K
}
Event: 350.955 GC heap after
{Heap after GC invocations=76 (full 0):
 garbage-first heap   total 135168K, used 114061K [0x00000000a0000000, 0x0000000100000000)
  region size 1024K, 1 young (1024K), 1 survivors (1024K)
 Metaspace       used 97957K, capacity 100276K, committed 100516K, reserved 1136640K
  class space    used 12467K, capacity 13321K, committed 13440K, reserved 1048576K
}
Event: 350.973 GC heap before
{Heap before GC invocations=76 (full 0):
 garbage-first heap   total 135168K, used 119181K [0x00000000a0000000, 0x0000000100000000)
  region size 1024K, 6 young (6144K), 1 survivors (1024K)
 Metaspace       used 97957K, capacity 100276K, committed 100516K, reserved 1136640K
  class space    used 12467K, capacity 13321K, committed 13440K, reserved 1048576K
}
Event: 350.974 GC heap after
{Heap after GC invocations=77 (full 0):
 garbage-first heap   total 135168K, used 114090K [0x00000000a0000000, 0x0000000100000000)
  region size 1024K, 1 young (1024K), 1 survivors (1024K)
 Metaspace       used 97957K, capacity 100276K, committed 100516K, reserved 1136640K
  class space    used 12467K, capacity 13321K, committed 13440K, reserved 1048576K
}
Event: 350.987 GC heap before
{Heap before GC invocations=77 (full 0):
 garbage-first heap   total 135168K, used 119210K [0x00000000a0000000, 0x0000000100000000)
  region size 1024K, 6 young (6144K), 1 survivors (1024K)
 Metaspace       used 97958K, capacity 100276K, committed 100516K, reserved 1136640K
  class space    used 12467K, capacity 13321K, committed 13440K, reserved 1048576K
}
Event: 350.988 GC heap after
{Heap after GC invocations=78 (full 0):
 garbage-first heap   total 135168K, used 114088K [0x00000000a0000000, 0x0000000100000000)
  region size 1024K, 1 young (1024K), 1 survivors (1024K)
 Metaspace       used 97958K, capacity 100276K, committed 100516K, reserved 1136640K
  class space    used 12467K, capacity 13321K, committed 13440K, reserved 1048576K
}
Event: 351.002 GC heap before
{Heap before GC invocations=78 (full 0):
 garbage-first heap   total 135168K, used 119208K [0x00000000a0000000, 0x0000000100000000)
  region size 1024K, 6 young (6144K), 1 survivors (1024K)
 Metaspace       used 97961K, capacity 100276K, committed 100516K, reserved 1136640K
  class space    used 12467K, capacity 13321K, committed 13440K, reserved 1048576K
}
Event: 351.004 GC heap after
{Heap after GC invocations=79 (full 0):
 garbage-first heap   total 135168K, used 114100K [0x00000000a0000000, 0x0000000100000000)
  region size 1024K, 1 young (1024K), 1 survivors (1024K)
 Metaspace       used 97961K, capacity 100276K, committed 100516K, reserved 1136640K
  class space    used 12467K, capacity 13321K, committed 13440K, reserved 1048576K
}
Event: 351.035 GC heap before
{Heap before GC invocations=79 (full 0):
 garbage-first heap   total 135168K, used 119220K [0x00000000a0000000, 0x0000000100000000)
  region size 1024K, 6 young (6144K), 1 survivors (1024K)
 Metaspace       used 97963K, capacity 100276K, committed 100516K, reserved 1136640K
  class space    used 12467K, capacity 13321K, committed 13440K, reserved 1048576K
}
Event: 351.036 GC heap after
{Heap after GC invocations=80 (full 0):
 garbage-first heap   total 135168K, used 114116K [0x00000000a0000000, 0x0000000100000000)
  region size 1024K, 1 young (1024K), 1 survivors (1024K)
 Metaspace       used 97963K, capacity 100276K, committed 100516K, reserved 1136640K
  class space    used 12467K, capacity 13321K, committed 13440K, reserved 1048576K
}
Event: 351.050 GC heap before
{Heap before GC invocations=80 (full 0):
 garbage-first heap   total 135168K, used 119236K [0x00000000a0000000, 0x0000000100000000)
  region size 1024K, 6 young (6144K), 1 survivors (1024K)
 Metaspace       used 97982K, capacity 100276K, committed 100516K, reserved 1136640K
  class space    used 12470K, capacity 13321K, committed 13440K, reserved 1048576K
}
Event: 351.052 GC heap after
{Heap after GC invocations=81 (full 0):
 garbage-first heap   total 135168K, used 114155K [0x00000000a0000000, 0x0000000100000000)
  region size 1024K, 1 young (1024K), 1 survivors (1024K)
 Metaspace       used 97982K, capacity 100276K, committed 100516K, reserved 1136640K
  class space    used 12470K, capacity 13321K, committed 13440K, reserved 1048576K
}
Event: 351.067 GC heap before
{Heap before GC invocations=81 (full 0):
 garbage-first heap   total 135168K, used 119275K [0x00000000a0000000, 0x0000000100000000)
  region size 1024K, 6 young (6144K), 1 survivors (1024K)
 Metaspace       used 97984K, capacity 100276K, committed 100516K, reserved 1136640K
  class space    used 12470K, capacity 13321K, committed 13440K, reserved 1048576K
}
Event: 351.068 GC heap after
{Heap after GC invocations=82 (full 0):
 garbage-first heap   total 135168K, used 114217K [0x00000000a0000000, 0x0000000100000000)
  region size 1024K, 1 young (1024K), 1 survivors (1024K)
 Metaspace       used 97984K, capacity 100276K, committed 100516K, reserved 1136640K
  class space    used 12470K, capacity 13321K, committed 13440K, reserved 1048576K
}
Event: 352.518 GC heap before
{Heap before GC invocations=83 (full 0):
 garbage-first heap   total 135168K, used 118313K [0x00000000a0000000, 0x0000000100000000)
  region size 1024K, 6 young (6144K), 1 survivors (1024K)
 Metaspace       used 98023K, capacity 100392K, committed 100772K, reserved 1136640K
  class space    used 12480K, capacity 13317K, committed 13440K, reserved 1048576K
}
Event: 352.523 GC heap after
{Heap after GC invocations=84 (full 0):
 garbage-first heap   total 223232K, used 114480K [0x00000000a0000000, 0x0000000100000000)
  region size 1024K, 1 young (1024K), 1 survivors (1024K)
 Metaspace       used 98023K, capacity 100392K, committed 100772K, reserved 1136640K
  class space    used 12480K, capacity 13317K, committed 13440K, reserved 1048576K
}
Event: 355.850 GC heap before
{Heap before GC invocations=84 (full 0):
 garbage-first heap   total 223232K, used 124720K [0x00000000a0000000, 0x0000000100000000)
  region size 1024K, 10 young (10240K), 1 survivors (1024K)
 Metaspace       used 99346K, capacity 101786K, committed 101924K, reserved 1138688K
  class space    used 12683K, capacity 13548K, committed 13568K, reserved 1048576K
}
Event: 355.854 GC heap after
{Heap after GC invocations=85 (full 0):
 garbage-first heap   total 223232K, used 114612K [0x00000000a0000000, 0x0000000100000000)
  region size 1024K, 1 young (1024K), 1 survivors (1024K)
 Metaspace       used 99346K, capacity 101786K, committed 101924K, reserved 1138688K
  class space    used 12683K, capacity 13548K, committed 13568K, reserved 1048576K
}

